[2016-04-04 20:25:22.720] [INFO] error - [ Stat { userid: 'Adriano90', stat: 'reputation', points: undefined },
  Stat { userid: 'Adriano90', stat: 'impact', points: undefined } ]
[2016-04-04 20:25:22.734] [INFO] error - [ Stat { userid: 'Adriano90', stat: 'reputation', points: undefined },
  Stat { userid: 'Adriano90', stat: 'impact', points: undefined } ]
[2016-04-04 20:25:22.734] [INFO] error - [ Stat { userid: 'Adriano90', stat: 'reputation', points: undefined },
  Stat { userid: 'Adriano90', stat: 'buggy', points: undefined } ]
[2016-04-04 20:25:22.735] [INFO] error - [ Stat { userid: 'Adriano90', stat: 'reputation', points: undefined },
  Stat { userid: 'Adriano90', stat: 'impact', points: undefined } ]
[2016-04-04 20:25:22.735] [INFO] error - [ Stat { userid: 'Adriano90', stat: 'reputation', points: undefined },
  Stat { userid: 'Adriano90', stat: 'buggy', points: undefined } ]
[2016-04-04 20:25:22.735] [INFO] error - [ Stat { userid: 'Adriano90', stat: 'reputation', points: undefined },
  Stat { userid: 'Adriano90', stat: 'impact', points: undefined } ]
[2016-04-04 20:25:22.736] [INFO] error - [ Stat { userid: 'Adriano90', stat: 'reputation', points: undefined },
  Stat { userid: 'Adriano90', stat: 'impact', points: undefined } ]
[2016-04-04 20:25:22.736] [INFO] error - [ Stat { userid: 'Adriano90', stat: 'reputation', points: undefined },
  Stat { userid: 'Adriano90', stat: 'buggy', points: undefined } ]
[2016-04-04 20:25:22.738] [INFO] error - [ Stat { userid: 'Adriano90', stat: 'reputation', points: undefined },
  Stat { userid: 'Adriano90', stat: 'impact', points: undefined } ]
[2016-04-04 20:25:22.739] [INFO] error - [ Stat { userid: 'Adriano90', stat: 'reputation', points: undefined },
  Stat { userid: 'Adriano90', stat: 'impact', points: undefined } ]
[2016-04-04 20:25:22.931] [INFO] error - [ Stat { userid: 'Adriano90', stat: 'reputation', points: undefined },
  Stat { userid: 'Adriano90', stat: 'impact', points: undefined } ]
[2016-04-04 20:25:22.932] [INFO] error - [ Stat { userid: 'isanjosgon', stat: 'reputation', points: undefined },
  Stat { userid: 'isanjosgon', stat: 'buggy', points: undefined } ]
