[2016-04-04 20:20:53.375] [INFO] info - request MESSAGE : SET_POINTS:{"id":"3844362107","type":"commit","action":"created","user":"Adriano90","repo":"aidify/test"}
[2016-04-04 20:23:53.886] [INFO] info - request MESSAGE : SET_POINTS:{"id":"3844362107","type":"commit","action":"created","user":"Adriano90","repo":"aidify/test"}
[2016-04-04 20:24:32.708] [INFO] info - request MESSAGE : SET_POINTS:{"id":"3844362107","type":"commit","action":"created","user":"Adriano90","repo":"aidify/test"}
[2016-04-04 20:25:22.717] [INFO] info - request MESSAGE : SET_POINTS:{"id":"3844362107","type":"commit","action":"created","user":"Adriano90","repo":"aidify/test"}
[2016-04-04 20:25:22.734] [INFO] info - request MESSAGE : SET_POINTS:{"id":"3844362107","type":"commit","action":"created","user":"Adriano90","repo":"aidify/test"}
[2016-04-04 20:25:22.734] [INFO] info - request MESSAGE : SET_POINTS:{"id":"3844362089","type":"pullrequestevent","action":"closed","user":"Adriano90","repo":"aidify/test"}
[2016-04-04 20:25:22.734] [INFO] info - request MESSAGE : SET_POINTS:{"id":"3844360875","type":"pullrequestevent","action":"reopened","user":"Adriano90","repo":"aidify/test"}
[2016-04-04 20:25:22.735] [INFO] info - request MESSAGE : SET_POINTS:{"id":"3844360601","type":"pullrequestevent","action":"closed","user":"Adriano90","repo":"aidify/test"}
[2016-04-04 20:25:22.735] [INFO] info - request MESSAGE : SET_POINTS:{"id":"3844359559","type":"pullrequestevent","action":"opened","user":"Adriano90","repo":"aidify/test"}
[2016-04-04 20:25:22.735] [INFO] info - request MESSAGE : SET_POINTS:{"id":"3844356166","type":"issuesevent","action":"closed","user":"Adriano90","repo":"aidify/test"}
[2016-04-04 20:25:22.736] [INFO] info - request MESSAGE : SET_POINTS:{"id":"3844356063","type":"issuesevent","action":"reopened","user":"Adriano90","repo":"aidify/test"}
[2016-04-04 20:25:22.738] [INFO] info - request MESSAGE : SET_POINTS:{"id":"3844355798","type":"issuesevent","action":"closed","user":"Adriano90","repo":"aidify/test"}
[2016-04-04 20:25:22.739] [INFO] info - request MESSAGE : SET_POINTS:{"id":"3844354043","type":"commit","action":"created","user":"Adriano90","repo":"aidify/test"}
[2016-04-04 20:25:22.931] [INFO] info - request MESSAGE : SET_POINTS:{"id":"3844354043","type":"commit","action":"created","user":"Adriano90","repo":"aidify/test"}
[2016-04-04 20:25:22.932] [INFO] info - request MESSAGE : SET_POINTS:{"id":"3844354026","type":"pullrequestevent","action":"closed","user":"isanjosgon","repo":"aidify/test"}
[2016-04-04 20:41:53.600] [INFO] info - request MESSAGE : SET_POINTS:{"id":"3844362107","type":"commit","action":"created","user":"Adriano90","repo":"aidify/test"}
[2016-04-04 20:42:44.408] [INFO] info - request MESSAGE : SET_POINTS:{"id":"3844362107","type":"commit","action":"created","user":"Adriano90","repo":"aidify/test"}
[2016-04-04 20:45:33.840] [INFO] info - request MESSAGE : SET_POINTS:{"id":"3844362107","type":"commit","action":"created","user":"Adriano90","repo":"aidify/test"}
[2016-04-04 20:51:52.379] [INFO] info - request MESSAGE : SET_POINTS:{"id":"3844362107","type":"commit","action":"created","user":"Adriano90","repo":"aidify/test"}
[2016-04-04 20:51:52.395] [INFO] info - publish to SERVICE:STATSMANAGEMENT:{"userid":"Adriano90","stat":"reputation"}
[2016-04-04 20:51:52.395] [INFO] info - publish to SERVICE:STATSMANAGEMENT:{"userid":"Adriano90","stat":"impact"}
[2016-04-04 20:51:52.395] [INFO] info - request MESSAGE : SET_POINTS:{"id":"3844362107","type":"commit","action":"created","user":"Adriano90","repo":"aidify/test"}
[2016-04-04 20:51:52.395] [INFO] info - publish to SERVICE:STATSMANAGEMENT:{"userid":"Adriano90","stat":"reputation"}
[2016-04-04 20:51:52.395] [INFO] info - publish to SERVICE:STATSMANAGEMENT:{"userid":"Adriano90","stat":"impact"}
[2016-04-04 20:51:52.395] [INFO] info - request MESSAGE : SET_POINTS:{"id":"3844362089","type":"pullrequestevent","action":"closed","user":"Adriano90","repo":"aidify/test"}
[2016-04-04 20:51:52.395] [INFO] info - publish to SERVICE:STATSMANAGEMENT:{"userid":"Adriano90","stat":"reputation"}
[2016-04-04 20:51:52.395] [INFO] info - publish to SERVICE:STATSMANAGEMENT:{"userid":"Adriano90","stat":"buggy"}
[2016-04-04 20:51:52.395] [INFO] info - request MESSAGE : SET_POINTS:{"id":"3844360875","type":"pullrequestevent","action":"reopened","user":"Adriano90","repo":"aidify/test"}
[2016-04-04 20:51:52.395] [INFO] info - publish to SERVICE:STATSMANAGEMENT:{"userid":"Adriano90","stat":"reputation"}
[2016-04-04 20:51:52.395] [INFO] info - publish to SERVICE:STATSMANAGEMENT:{"userid":"Adriano90","stat":"impact"}
[2016-04-04 20:51:52.395] [INFO] info - request MESSAGE : SET_POINTS:{"id":"3844360601","type":"pullrequestevent","action":"closed","user":"Adriano90","repo":"aidify/test"}
[2016-04-04 20:51:52.395] [INFO] info - publish to SERVICE:STATSMANAGEMENT:{"userid":"Adriano90","stat":"reputation"}
[2016-04-04 20:51:52.395] [INFO] info - publish to SERVICE:STATSMANAGEMENT:{"userid":"Adriano90","stat":"buggy"}
[2016-04-04 20:51:52.395] [INFO] info - request MESSAGE : SET_POINTS:{"id":"3844359559","type":"pullrequestevent","action":"opened","user":"Adriano90","repo":"aidify/test"}
[2016-04-04 20:51:52.395] [INFO] info - publish to SERVICE:STATSMANAGEMENT:{"userid":"Adriano90","stat":"reputation"}
[2016-04-04 20:51:52.395] [INFO] info - publish to SERVICE:STATSMANAGEMENT:{"userid":"Adriano90","stat":"impact"}
[2016-04-04 20:51:52.395] [INFO] info - request MESSAGE : SET_POINTS:{"id":"3844356166","type":"issuesevent","action":"closed","user":"Adriano90","repo":"aidify/test"}
[2016-04-04 20:51:52.395] [INFO] info - publish to SERVICE:STATSMANAGEMENT:{"userid":"Adriano90","stat":"reputation"}
[2016-04-04 20:51:52.395] [INFO] info - publish to SERVICE:STATSMANAGEMENT:{"userid":"Adriano90","stat":"impact"}
[2016-04-04 20:51:52.410] [INFO] info - request MESSAGE : SET_POINTS:{"id":"3844356063","type":"issuesevent","action":"reopened","user":"Adriano90","repo":"aidify/test"}
[2016-04-04 20:51:52.411] [INFO] info - publish to SERVICE:STATSMANAGEMENT:{"userid":"Adriano90","stat":"reputation"}
[2016-04-04 20:51:52.411] [INFO] info - publish to SERVICE:STATSMANAGEMENT:{"userid":"Adriano90","stat":"buggy"}
[2016-04-04 20:51:52.412] [INFO] info - request MESSAGE : SET_POINTS:{"id":"3844355798","type":"issuesevent","action":"closed","user":"Adriano90","repo":"aidify/test"}
[2016-04-04 20:51:52.412] [INFO] info - publish to SERVICE:STATSMANAGEMENT:{"userid":"Adriano90","stat":"reputation"}
[2016-04-04 20:51:52.412] [INFO] info - publish to SERVICE:STATSMANAGEMENT:{"userid":"Adriano90","stat":"impact"}
[2016-04-04 20:51:52.413] [INFO] info - request MESSAGE : SET_POINTS:{"id":"3844354043","type":"commit","action":"created","user":"Adriano90","repo":"aidify/test"}
[2016-04-04 20:51:52.413] [INFO] info - publish to SERVICE:STATSMANAGEMENT:{"userid":"Adriano90","stat":"reputation"}
[2016-04-04 20:51:52.414] [INFO] info - publish to SERVICE:STATSMANAGEMENT:{"userid":"Adriano90","stat":"impact"}
[2016-04-04 20:51:52.712] [INFO] info - request MESSAGE : SET_POINTS:{"id":"3844354043","type":"commit","action":"created","user":"Adriano90","repo":"aidify/test"}
[2016-04-04 20:51:52.713] [INFO] info - publish to SERVICE:STATSMANAGEMENT:{"userid":"Adriano90","stat":"reputation"}
[2016-04-04 20:51:52.713] [INFO] info - publish to SERVICE:STATSMANAGEMENT:{"userid":"Adriano90","stat":"impact"}
[2016-04-04 20:51:52.714] [INFO] info - request MESSAGE : SET_POINTS:{"id":"3844354026","type":"pullrequestevent","action":"closed","user":"isanjosgon","repo":"aidify/test"}
[2016-04-04 20:51:52.714] [INFO] info - publish to SERVICE:STATSMANAGEMENT:{"userid":"isanjosgon","stat":"reputation"}
[2016-04-04 20:51:52.714] [INFO] info - publish to SERVICE:STATSMANAGEMENT:{"userid":"isanjosgon","stat":"buggy"}
[2016-04-04 21:07:53.104] [INFO] info - request MESSAGE : SET_POINTS:{"id":"3844362107","type":"commit","action":"created","user":"Adriano90","repo":"aidify/test","createdAt":"2016-04-04T18:20:26Z"}
[2016-04-04 21:07:53.120] [INFO] info - publish to SERVICE:STATSMANAGEMENT:{"userid":"Adriano90","stat":"reputation","points":100}
[2016-04-04 21:07:53.120] [INFO] info - publish to SERVICE:STATSMANAGEMENT:{"userid":"Adriano90","stat":"impact","points":100}
[2016-04-04 21:07:53.120] [INFO] info - request MESSAGE : SET_POINTS:{"id":"3844362107","type":"commit","action":"created","user":"Adriano90","repo":"aidify/test","createdAt":"2016-04-04T18:20:26Z"}
[2016-04-04 21:07:53.120] [INFO] info - publish to SERVICE:STATSMANAGEMENT:{"userid":"Adriano90","stat":"reputation","points":100}
[2016-04-04 21:07:53.120] [INFO] info - publish to SERVICE:STATSMANAGEMENT:{"userid":"Adriano90","stat":"impact","points":100}
[2016-04-04 21:07:53.120] [INFO] info - request MESSAGE : SET_POINTS:{"id":"3844362089","type":"pullrequestevent","action":"closed","user":"Adriano90","repo":"aidify/test","createdAt":"2016-04-04T18:20:26Z"}
[2016-04-04 21:07:53.120] [INFO] info - publish to SERVICE:STATSMANAGEMENT:{"userid":"Adriano90","stat":"reputation","points":-200}
[2016-04-04 21:07:53.120] [INFO] info - publish to SERVICE:STATSMANAGEMENT:{"userid":"Adriano90","stat":"buggy","points":-200}
[2016-04-04 21:07:53.120] [INFO] info - request MESSAGE : SET_POINTS:{"id":"3844360875","type":"pullrequestevent","action":"reopened","user":"Adriano90","repo":"aidify/test","createdAt":"2016-04-04T18:20:11Z"}
[2016-04-04 21:07:53.120] [INFO] info - publish to SERVICE:STATSMANAGEMENT:{"userid":"Adriano90","stat":"reputation","points":300}
[2016-04-04 21:07:53.120] [INFO] info - publish to SERVICE:STATSMANAGEMENT:{"userid":"Adriano90","stat":"impact","points":300}
[2016-04-04 21:07:53.120] [INFO] info - request MESSAGE : SET_POINTS:{"id":"3844360601","type":"pullrequestevent","action":"closed","user":"Adriano90","repo":"aidify/test","createdAt":"2016-04-04T18:20:09Z"}
[2016-04-04 21:07:53.120] [INFO] info - publish to SERVICE:STATSMANAGEMENT:{"userid":"Adriano90","stat":"reputation","points":-200}
[2016-04-04 21:07:53.120] [INFO] info - publish to SERVICE:STATSMANAGEMENT:{"userid":"Adriano90","stat":"buggy","points":-200}
[2016-04-04 21:07:53.120] [INFO] info - request MESSAGE : SET_POINTS:{"id":"3844359559","type":"pullrequestevent","action":"opened","user":"Adriano90","repo":"aidify/test","createdAt":"2016-04-04T18:19:54Z"}
[2016-04-04 21:07:53.120] [INFO] info - publish to SERVICE:STATSMANAGEMENT:{"userid":"Adriano90","stat":"reputation","points":500}
[2016-04-04 21:07:53.120] [INFO] info - publish to SERVICE:STATSMANAGEMENT:{"userid":"Adriano90","stat":"impact","points":500}
[2016-04-04 21:07:53.120] [INFO] info - request MESSAGE : SET_POINTS:{"id":"3844356166","type":"issuesevent","action":"closed","user":"Adriano90","repo":"aidify/test","createdAt":"2016-04-04T18:19:10Z"}
[2016-04-04 21:07:53.120] [INFO] info - publish to SERVICE:STATSMANAGEMENT:{"userid":"Adriano90","stat":"reputation","points":50}
[2016-04-04 21:07:53.120] [INFO] info - publish to SERVICE:STATSMANAGEMENT:{"userid":"Adriano90","stat":"impact","points":50}
[2016-04-04 21:07:53.120] [INFO] info - request MESSAGE : SET_POINTS:{"id":"3844356063","type":"issuesevent","action":"reopened","user":"Adriano90","repo":"aidify/test","createdAt":"2016-04-04T18:19:09Z"}
[2016-04-04 21:07:53.120] [INFO] info - publish to SERVICE:STATSMANAGEMENT:{"userid":"Adriano90","stat":"reputation","points":-150}
[2016-04-04 21:07:53.120] [INFO] info - publish to SERVICE:STATSMANAGEMENT:{"userid":"Adriano90","stat":"buggy","points":-150}
[2016-04-04 21:07:53.120] [INFO] info - request MESSAGE : SET_POINTS:{"id":"3844355798","type":"issuesevent","action":"closed","user":"Adriano90","repo":"aidify/test","createdAt":"2016-04-04T18:19:06Z"}
[2016-04-04 21:07:53.136] [INFO] info - publish to SERVICE:STATSMANAGEMENT:{"userid":"Adriano90","stat":"reputation","points":50}
[2016-04-04 21:07:53.136] [INFO] info - publish to SERVICE:STATSMANAGEMENT:{"userid":"Adriano90","stat":"impact","points":50}
[2016-04-04 21:07:53.136] [INFO] info - request MESSAGE : SET_POINTS:{"id":"3844354043","type":"commit","action":"created","user":"Adriano90","repo":"aidify/test","createdAt":"2016-04-04T18:18:45Z"}
[2016-04-04 21:07:53.136] [INFO] info - publish to SERVICE:STATSMANAGEMENT:{"userid":"Adriano90","stat":"reputation","points":100}
[2016-04-04 21:07:53.136] [INFO] info - publish to SERVICE:STATSMANAGEMENT:{"userid":"Adriano90","stat":"impact","points":100}
[2016-04-04 21:07:53.370] [INFO] info - request MESSAGE : SET_POINTS:{"id":"3844354043","type":"commit","action":"created","user":"Adriano90","repo":"aidify/test","createdAt":"2016-04-04T18:18:45Z"}
[2016-04-04 21:07:53.370] [INFO] info - publish to SERVICE:STATSMANAGEMENT:{"userid":"Adriano90","stat":"reputation","points":100}
[2016-04-04 21:07:53.370] [INFO] info - publish to SERVICE:STATSMANAGEMENT:{"userid":"Adriano90","stat":"impact","points":100}
[2016-04-04 21:07:53.370] [INFO] info - request MESSAGE : SET_POINTS:{"id":"3844354026","type":"pullrequestevent","action":"closed","user":"isanjosgon","repo":"aidify/test","createdAt":"2016-04-04T18:18:45Z"}
[2016-04-04 21:07:53.370] [INFO] info - publish to SERVICE:STATSMANAGEMENT:{"userid":"isanjosgon","stat":"reputation","points":-200}
[2016-04-04 21:07:53.370] [INFO] info - publish to SERVICE:STATSMANAGEMENT:{"userid":"isanjosgon","stat":"buggy","points":-200}
